{"level":"WARN","timestamp":"2024-07-10T11:29:31.444Z","logger":"kafkajs","message":"KafkaJS v2.0.0 switched default partitioner. To retain the same partitioning behavior as in previous versions, create the producer with the option \"createPartitioner: Partitioners.LegacyPartitioner\". See the migration guide at https://kafka.js.org/docs/migration-guide-v2.0.0#producer-new-default-partitioner for details. Silence this warning by setting the environment variable \"KAFKAJS_NO_PARTITIONER_WARNING=1\""}
WebSocket is not initialized.
{"level":"WARN","timestamp":"2024-07-10T11:43:03.490Z","logger":"kafkajs","message":"KafkaJS v2.0.0 switched default partitioner. To retain the same partitioning behavior as in previous versions, create the producer with the option \"createPartitioner: Partitioners.LegacyPartitioner\". See the migration guide at https://kafka.js.org/docs/migration-guide-v2.0.0#producer-new-default-partitioner for details. Silence this warning by setting the environment variable \"KAFKAJS_NO_PARTITIONER_WARNING=1\""}
WebSocket is not initialized.
{"level":"WARN","timestamp":"2024-07-10T12:00:46.070Z","logger":"kafkajs","message":"KafkaJS v2.0.0 switched default partitioner. To retain the same partitioning behavior as in previous versions, create the producer with the option \"createPartitioner: Partitioners.LegacyPartitioner\". See the migration guide at https://kafka.js.org/docs/migration-guide-v2.0.0#producer-new-default-partitioner for details. Silence this warning by setting the environment variable \"KAFKAJS_NO_PARTITIONER_WARNING=1\""}
WebSocket is not initialized.
{"level":"WARN","timestamp":"2024-07-10T12:03:54.231Z","logger":"kafkajs","message":"KafkaJS v2.0.0 switched default partitioner. To retain the same partitioning behavior as in previous versions, create the producer with the option \"createPartitioner: Partitioners.LegacyPartitioner\". See the migration guide at https://kafka.js.org/docs/migration-guide-v2.0.0#producer-new-default-partitioner for details. Silence this warning by setting the environment variable \"KAFKAJS_NO_PARTITIONER_WARNING=1\""}
WebSocket is not initialized.
{"level":"WARN","timestamp":"2024-07-10T12:12:39.260Z","logger":"kafkajs","message":"KafkaJS v2.0.0 switched default partitioner. To retain the same partitioning behavior as in previous versions, create the producer with the option \"createPartitioner: Partitioners.LegacyPartitioner\". See the migration guide at https://kafka.js.org/docs/migration-guide-v2.0.0#producer-new-default-partitioner for details. Silence this warning by setting the environment variable \"KAFKAJS_NO_PARTITIONER_WARNING=1\""}
WebSocket is not initialized.
{"level":"WARN","timestamp":"2024-07-10T12:20:51.099Z","logger":"kafkajs","message":"KafkaJS v2.0.0 switched default partitioner. To retain the same partitioning behavior as in previous versions, create the producer with the option \"createPartitioner: Partitioners.LegacyPartitioner\". See the migration guide at https://kafka.js.org/docs/migration-guide-v2.0.0#producer-new-default-partitioner for details. Silence this warning by setting the environment variable \"KAFKAJS_NO_PARTITIONER_WARNING=1\""}
WebSocket is not initialized.
[MongoDB] Error connecting to the MongoDB, error: MongoServerSelectionError: connection timed out
    at EventTarget.<anonymous> (/home/widatech/Documents/TracknTrace/middleware/node_modules/mongodb/lib/sdam/topology.js:289:34)
    at EventTarget.[nodejs.internal.kHybridDispatch] (node:internal/event_target:562:20)
    at EventTarget.dispatchEvent (node:internal/event_target:504:26)
    at abortSignal (node:internal/abort_controller:97:10)
    at AbortController.abort (node:internal/abort_controller:122:5)
    at Timeout.<anonymous> (/home/widatech/Documents/TracknTrace/middleware/node_modules/mongodb/lib/utils.js:976:92)
    at listOnTimeout (node:internal/timers:557:17)
    at processTimers (node:internal/timers:500:7) {
  reason: TopologyDescription {
    type: 'Single',
    servers: Map(1) { '192.168.132.65:27017' => [ServerDescription] },
    stale: false,
    compatible: true,
    heartbeatFrequencyMS: 10000,
    localThresholdMS: 15,
    setName: null,
    maxElectionId: null,
    maxSetVersion: null,
    commonWireVersion: 0,
    logicalSessionTimeoutMinutes: null
  },
  code: undefined,
  [Symbol(errorLabels)]: Set(0) {}
}
[MongoDB] Error connecting to the MongoDB, error: MongoServerSelectionError: connection timed out
    at EventTarget.<anonymous> (/home/widatech/Documents/TracknTrace/middleware/node_modules/mongodb/lib/sdam/topology.js:289:34)
    at EventTarget.[nodejs.internal.kHybridDispatch] (node:internal/event_target:562:20)
    at EventTarget.dispatchEvent (node:internal/event_target:504:26)
    at abortSignal (node:internal/abort_controller:97:10)
    at AbortController.abort (node:internal/abort_controller:122:5)
    at Timeout.<anonymous> (/home/widatech/Documents/TracknTrace/middleware/node_modules/mongodb/lib/utils.js:976:92)
    at listOnTimeout (node:internal/timers:557:17)
    at processTimers (node:internal/timers:500:7) {
  reason: TopologyDescription {
    type: 'Single',
    servers: Map(1) { '192.168.132.65:27017' => [ServerDescription] },
    stale: false,
    compatible: true,
    heartbeatFrequencyMS: 10000,
    localThresholdMS: 15,
    setName: null,
    maxElectionId: null,
    maxSetVersion: null,
    commonWireVersion: 0,
    logicalSessionTimeoutMinutes: null
  },
  code: undefined,
  [Symbol(errorLabels)]: Set(0) {}
}
[MongoDB] Error connecting to the MongoDB, error: MongoServerSelectionError: connection timed out
    at EventTarget.<anonymous> (/home/widatech/Documents/TracknTrace/middleware/node_modules/mongodb/lib/sdam/topology.js:289:34)
    at EventTarget.[nodejs.internal.kHybridDispatch] (node:internal/event_target:562:20)
    at EventTarget.dispatchEvent (node:internal/event_target:504:26)
    at abortSignal (node:internal/abort_controller:97:10)
    at AbortController.abort (node:internal/abort_controller:122:5)
    at Timeout.<anonymous> (/home/widatech/Documents/TracknTrace/middleware/node_modules/mongodb/lib/utils.js:976:92)
    at listOnTimeout (node:internal/timers:557:17)
    at processTimers (node:internal/timers:500:7) {
  reason: TopologyDescription {
    type: 'Single',
    servers: Map(1) { '192.168.132.65:27017' => [ServerDescription] },
    stale: false,
    compatible: true,
    heartbeatFrequencyMS: 10000,
    localThresholdMS: 15,
    setName: null,
    maxElectionId: null,
    maxSetVersion: null,
    commonWireVersion: 0,
    logicalSessionTimeoutMinutes: null
  },
  code: undefined,
  [Symbol(errorLabels)]: Set(0) {}
}
[MongoDB] Reconnection attempt failed, error: MongoServerSelectionError: connection timed out
    at EventTarget.<anonymous> (/home/widatech/Documents/TracknTrace/middleware/node_modules/mongodb/lib/sdam/topology.js:289:34)
    at EventTarget.[nodejs.internal.kHybridDispatch] (node:internal/event_target:562:20)
    at EventTarget.dispatchEvent (node:internal/event_target:504:26)
    at abortSignal (node:internal/abort_controller:97:10)
    at AbortController.abort (node:internal/abort_controller:122:5)
    at Timeout.<anonymous> (/home/widatech/Documents/TracknTrace/middleware/node_modules/mongodb/lib/utils.js:976:92)
    at listOnTimeout (node:internal/timers:557:17)
    at processTimers (node:internal/timers:500:7) {
  reason: TopologyDescription {
    type: 'Single',
    servers: Map(1) { '192.168.132.65:27017' => [ServerDescription] },
    stale: false,
    compatible: true,
    heartbeatFrequencyMS: 10000,
    localThresholdMS: 15,
    setName: null,
    maxElectionId: null,
    maxSetVersion: null,
    commonWireVersion: 0,
    logicalSessionTimeoutMinutes: null
  },
  code: undefined,
  [Symbol(errorLabels)]: Set(0) {}
}
[MongoDB] Reconnection attempt failed, error: MongoServerSelectionError: connection timed out
    at EventTarget.<anonymous> (/home/widatech/Documents/TracknTrace/middleware/node_modules/mongodb/lib/sdam/topology.js:289:34)
    at EventTarget.[nodejs.internal.kHybridDispatch] (node:internal/event_target:562:20)
    at EventTarget.dispatchEvent (node:internal/event_target:504:26)
    at abortSignal (node:internal/abort_controller:97:10)
    at AbortController.abort (node:internal/abort_controller:122:5)
    at Timeout.<anonymous> (/home/widatech/Documents/TracknTrace/middleware/node_modules/mongodb/lib/utils.js:976:92)
    at listOnTimeout (node:internal/timers:557:17)
    at processTimers (node:internal/timers:500:7) {
  reason: TopologyDescription {
    type: 'Single',
    servers: Map(1) { '192.168.132.65:27017' => [ServerDescription] },
    stale: false,
    compatible: true,
    heartbeatFrequencyMS: 10000,
    localThresholdMS: 15,
    setName: null,
    maxElectionId: null,
    maxSetVersion: null,
    commonWireVersion: 0,
    logicalSessionTimeoutMinutes: null
  },
  code: undefined,
  [Symbol(errorLabels)]: Set(0) {}
}
{"level":"WARN","timestamp":"2024-07-10T12:22:52.605Z","logger":"kafkajs","message":"KafkaJS v2.0.0 switched default partitioner. To retain the same partitioning behavior as in previous versions, create the producer with the option \"createPartitioner: Partitioners.LegacyPartitioner\". See the migration guide at https://kafka.js.org/docs/migration-guide-v2.0.0#producer-new-default-partitioner for details. Silence this warning by setting the environment variable \"KAFKAJS_NO_PARTITIONER_WARNING=1\""}
WebSocket is not initialized.
[MongoDB] Error connecting to the MongoDB, error: MongoServerSelectionError: connection timed out
    at EventTarget.<anonymous> (/home/widatech/Documents/TracknTrace/middleware/node_modules/mongodb/lib/sdam/topology.js:289:34)
    at EventTarget.[nodejs.internal.kHybridDispatch] (node:internal/event_target:562:20)
    at EventTarget.dispatchEvent (node:internal/event_target:504:26)
    at abortSignal (node:internal/abort_controller:97:10)
    at AbortController.abort (node:internal/abort_controller:122:5)
    at Timeout.<anonymous> (/home/widatech/Documents/TracknTrace/middleware/node_modules/mongodb/lib/utils.js:976:92)
    at listOnTimeout (node:internal/timers:557:17)
    at processTimers (node:internal/timers:500:7) {
  reason: TopologyDescription {
    type: 'Single',
    servers: Map(1) { '192.168.132.65:27017' => [ServerDescription] },
    stale: false,
    compatible: true,
    heartbeatFrequencyMS: 10000,
    localThresholdMS: 15,
    setName: null,
    maxElectionId: null,
    maxSetVersion: null,
    commonWireVersion: 0,
    logicalSessionTimeoutMinutes: null
  },
  code: undefined,
  [Symbol(errorLabels)]: Set(0) {}
}
[MongoDB] Error connecting to the MongoDB, error: MongoServerSelectionError: connection timed out
    at EventTarget.<anonymous> (/home/widatech/Documents/TracknTrace/middleware/node_modules/mongodb/lib/sdam/topology.js:289:34)
    at EventTarget.[nodejs.internal.kHybridDispatch] (node:internal/event_target:562:20)
    at EventTarget.dispatchEvent (node:internal/event_target:504:26)
    at abortSignal (node:internal/abort_controller:97:10)
    at AbortController.abort (node:internal/abort_controller:122:5)
    at Timeout.<anonymous> (/home/widatech/Documents/TracknTrace/middleware/node_modules/mongodb/lib/utils.js:976:92)
    at listOnTimeout (node:internal/timers:557:17)
    at processTimers (node:internal/timers:500:7) {
  reason: TopologyDescription {
    type: 'Single',
    servers: Map(1) { '192.168.132.65:27017' => [ServerDescription] },
    stale: false,
    compatible: true,
    heartbeatFrequencyMS: 10000,
    localThresholdMS: 15,
    setName: null,
    maxElectionId: null,
    maxSetVersion: null,
    commonWireVersion: 0,
    logicalSessionTimeoutMinutes: null
  },
  code: undefined,
  [Symbol(errorLabels)]: Set(0) {}
}
[MongoDB] Error connecting to the MongoDB, error: MongoServerSelectionError: connection timed out
    at EventTarget.<anonymous> (/home/widatech/Documents/TracknTrace/middleware/node_modules/mongodb/lib/sdam/topology.js:289:34)
    at EventTarget.[nodejs.internal.kHybridDispatch] (node:internal/event_target:562:20)
    at EventTarget.dispatchEvent (node:internal/event_target:504:26)
    at abortSignal (node:internal/abort_controller:97:10)
    at AbortController.abort (node:internal/abort_controller:122:5)
    at Timeout.<anonymous> (/home/widatech/Documents/TracknTrace/middleware/node_modules/mongodb/lib/utils.js:976:92)
    at listOnTimeout (node:internal/timers:557:17)
    at processTimers (node:internal/timers:500:7) {
  reason: TopologyDescription {
    type: 'Single',
    servers: Map(1) { '192.168.132.65:27017' => [ServerDescription] },
    stale: false,
    compatible: true,
    heartbeatFrequencyMS: 10000,
    localThresholdMS: 15,
    setName: null,
    maxElectionId: null,
    maxSetVersion: null,
    commonWireVersion: 0,
    logicalSessionTimeoutMinutes: null
  },
  code: undefined,
  [Symbol(errorLabels)]: Set(0) {}
}
[MongoDB] Reconnection attempt failed, error: MongoServerSelectionError: connection timed out
    at EventTarget.<anonymous> (/home/widatech/Documents/TracknTrace/middleware/node_modules/mongodb/lib/sdam/topology.js:289:34)
    at EventTarget.[nodejs.internal.kHybridDispatch] (node:internal/event_target:562:20)
    at EventTarget.dispatchEvent (node:internal/event_target:504:26)
    at abortSignal (node:internal/abort_controller:97:10)
    at AbortController.abort (node:internal/abort_controller:122:5)
    at Timeout.<anonymous> (/home/widatech/Documents/TracknTrace/middleware/node_modules/mongodb/lib/utils.js:976:92)
    at listOnTimeout (node:internal/timers:557:17)
    at processTimers (node:internal/timers:500:7) {
  reason: TopologyDescription {
    type: 'Single',
    servers: Map(1) { '192.168.132.65:27017' => [ServerDescription] },
    stale: false,
    compatible: true,
    heartbeatFrequencyMS: 10000,
    localThresholdMS: 15,
    setName: null,
    maxElectionId: null,
    maxSetVersion: null,
    commonWireVersion: 0,
    logicalSessionTimeoutMinutes: null
  },
  code: undefined,
  [Symbol(errorLabels)]: Set(0) {}
}
[MongoDB] Reconnection attempt failed, error: MongoServerSelectionError: connection timed out
    at EventTarget.<anonymous> (/home/widatech/Documents/TracknTrace/middleware/node_modules/mongodb/lib/sdam/topology.js:289:34)
    at EventTarget.[nodejs.internal.kHybridDispatch] (node:internal/event_target:562:20)
    at EventTarget.dispatchEvent (node:internal/event_target:504:26)
    at abortSignal (node:internal/abort_controller:97:10)
    at AbortController.abort (node:internal/abort_controller:122:5)
    at Timeout.<anonymous> (/home/widatech/Documents/TracknTrace/middleware/node_modules/mongodb/lib/utils.js:976:92)
    at listOnTimeout (node:internal/timers:557:17)
    at processTimers (node:internal/timers:500:7) {
  reason: TopologyDescription {
    type: 'Single',
    servers: Map(1) { '192.168.132.65:27017' => [ServerDescription] },
    stale: false,
    compatible: true,
    heartbeatFrequencyMS: 10000,
    localThresholdMS: 15,
    setName: null,
    maxElectionId: null,
    maxSetVersion: null,
    commonWireVersion: 0,
    logicalSessionTimeoutMinutes: null
  },
  code: undefined,
  [Symbol(errorLabels)]: Set(0) {}
}
{"level":"WARN","timestamp":"2024-07-10T12:28:19.081Z","logger":"kafkajs","message":"KafkaJS v2.0.0 switched default partitioner. To retain the same partitioning behavior as in previous versions, create the producer with the option \"createPartitioner: Partitioners.LegacyPartitioner\". See the migration guide at https://kafka.js.org/docs/migration-guide-v2.0.0#producer-new-default-partitioner for details. Silence this warning by setting the environment variable \"KAFKAJS_NO_PARTITIONER_WARNING=1\""}
WebSocket is not initialized.
{"level":"WARN","timestamp":"2024-07-10T12:46:27.660Z","logger":"kafkajs","message":"KafkaJS v2.0.0 switched default partitioner. To retain the same partitioning behavior as in previous versions, create the producer with the option \"createPartitioner: Partitioners.LegacyPartitioner\". See the migration guide at https://kafka.js.org/docs/migration-guide-v2.0.0#producer-new-default-partitioner for details. Silence this warning by setting the environment variable \"KAFKAJS_NO_PARTITIONER_WARNING=1\""}
WebSocket is not initialized.
{"level":"WARN","timestamp":"2024-07-10T12:48:12.429Z","logger":"kafkajs","message":"KafkaJS v2.0.0 switched default partitioner. To retain the same partitioning behavior as in previous versions, create the producer with the option \"createPartitioner: Partitioners.LegacyPartitioner\". See the migration guide at https://kafka.js.org/docs/migration-guide-v2.0.0#producer-new-default-partitioner for details. Silence this warning by setting the environment variable \"KAFKAJS_NO_PARTITIONER_WARNING=1\""}
WebSocket is not initialized.
{"level":"WARN","timestamp":"2024-07-10T13:02:46.527Z","logger":"kafkajs","message":"KafkaJS v2.0.0 switched default partitioner. To retain the same partitioning behavior as in previous versions, create the producer with the option \"createPartitioner: Partitioners.LegacyPartitioner\". See the migration guide at https://kafka.js.org/docs/migration-guide-v2.0.0#producer-new-default-partitioner for details. Silence this warning by setting the environment variable \"KAFKAJS_NO_PARTITIONER_WARNING=1\""}
WebSocket is not initialized.
[MongoDB] Error connecting to the MongoDB, error: MongoServerSelectionError: connect ENETUNREACH 192.168.132.65:27017
    at EventTarget.<anonymous> (/home/widatech/Documents/TracknTrace/middleware/node_modules/mongodb/lib/sdam/topology.js:289:34)
    at EventTarget.[nodejs.internal.kHybridDispatch] (node:internal/event_target:562:20)
    at EventTarget.dispatchEvent (node:internal/event_target:504:26)
    at abortSignal (node:internal/abort_controller:97:10)
    at AbortController.abort (node:internal/abort_controller:122:5)
    at Timeout.<anonymous> (/home/widatech/Documents/TracknTrace/middleware/node_modules/mongodb/lib/utils.js:976:92)
    at listOnTimeout (node:internal/timers:557:17)
    at processTimers (node:internal/timers:500:7) {
  reason: TopologyDescription {
    type: 'Single',
    servers: Map(1) { '192.168.132.65:27017' => [ServerDescription] },
    stale: false,
    compatible: true,
    heartbeatFrequencyMS: 10000,
    localThresholdMS: 15,
    setName: null,
    maxElectionId: null,
    maxSetVersion: null,
    commonWireVersion: 0,
    logicalSessionTimeoutMinutes: null
  },
  code: undefined,
  [Symbol(errorLabels)]: Set(0) {}
}
[MongoDB] Error connecting to the MongoDB, error: MongoServerSelectionError: connect ENETUNREACH 192.168.132.65:27017
    at EventTarget.<anonymous> (/home/widatech/Documents/TracknTrace/middleware/node_modules/mongodb/lib/sdam/topology.js:289:34)
    at EventTarget.[nodejs.internal.kHybridDispatch] (node:internal/event_target:562:20)
    at EventTarget.dispatchEvent (node:internal/event_target:504:26)
    at abortSignal (node:internal/abort_controller:97:10)
    at AbortController.abort (node:internal/abort_controller:122:5)
    at Timeout.<anonymous> (/home/widatech/Documents/TracknTrace/middleware/node_modules/mongodb/lib/utils.js:976:92)
    at listOnTimeout (node:internal/timers:557:17)
    at processTimers (node:internal/timers:500:7) {
  reason: TopologyDescription {
    type: 'Single',
    servers: Map(1) { '192.168.132.65:27017' => [ServerDescription] },
    stale: false,
    compatible: true,
    heartbeatFrequencyMS: 10000,
    localThresholdMS: 15,
    setName: null,
    maxElectionId: null,
    maxSetVersion: null,
    commonWireVersion: 0,
    logicalSessionTimeoutMinutes: null
  },
  code: undefined,
  [Symbol(errorLabels)]: Set(0) {}
}
[MongoDB] Error connecting to the MongoDB, error: MongoServerSelectionError: connect ENETUNREACH 192.168.132.65:27017
    at EventTarget.<anonymous> (/home/widatech/Documents/TracknTrace/middleware/node_modules/mongodb/lib/sdam/topology.js:289:34)
    at EventTarget.[nodejs.internal.kHybridDispatch] (node:internal/event_target:562:20)
    at EventTarget.dispatchEvent (node:internal/event_target:504:26)
    at abortSignal (node:internal/abort_controller:97:10)
    at AbortController.abort (node:internal/abort_controller:122:5)
    at Timeout.<anonymous> (/home/widatech/Documents/TracknTrace/middleware/node_modules/mongodb/lib/utils.js:976:92)
    at listOnTimeout (node:internal/timers:557:17)
    at processTimers (node:internal/timers:500:7) {
  reason: TopologyDescription {
    type: 'Single',
    servers: Map(1) { '192.168.132.65:27017' => [ServerDescription] },
    stale: false,
    compatible: true,
    heartbeatFrequencyMS: 10000,
    localThresholdMS: 15,
    setName: null,
    maxElectionId: null,
    maxSetVersion: null,
    commonWireVersion: 0,
    logicalSessionTimeoutMinutes: null
  },
  code: undefined,
  [Symbol(errorLabels)]: Set(0) {}
}
[MongoDB] Reconnection attempt failed, error: MongoServerSelectionError: connect ENETUNREACH 192.168.132.65:27017
    at EventTarget.<anonymous> (/home/widatech/Documents/TracknTrace/middleware/node_modules/mongodb/lib/sdam/topology.js:289:34)
    at EventTarget.[nodejs.internal.kHybridDispatch] (node:internal/event_target:562:20)
    at EventTarget.dispatchEvent (node:internal/event_target:504:26)
    at abortSignal (node:internal/abort_controller:97:10)
    at AbortController.abort (node:internal/abort_controller:122:5)
    at Timeout.<anonymous> (/home/widatech/Documents/TracknTrace/middleware/node_modules/mongodb/lib/utils.js:976:92)
    at listOnTimeout (node:internal/timers:557:17)
    at processTimers (node:internal/timers:500:7) {
  reason: TopologyDescription {
    type: 'Single',
    servers: Map(1) { '192.168.132.65:27017' => [ServerDescription] },
    stale: false,
    compatible: true,
    heartbeatFrequencyMS: 10000,
    localThresholdMS: 15,
    setName: null,
    maxElectionId: null,
    maxSetVersion: null,
    commonWireVersion: 0,
    logicalSessionTimeoutMinutes: null
  },
  code: undefined,
  [Symbol(errorLabels)]: Set(0) {}
}
[MongoDB] Reconnection attempt failed, error: MongoServerSelectionError: connect ENETUNREACH 192.168.132.65:27017
    at EventTarget.<anonymous> (/home/widatech/Documents/TracknTrace/middleware/node_modules/mongodb/lib/sdam/topology.js:289:34)
    at EventTarget.[nodejs.internal.kHybridDispatch] (node:internal/event_target:562:20)
    at EventTarget.dispatchEvent (node:internal/event_target:504:26)
    at abortSignal (node:internal/abort_controller:97:10)
    at AbortController.abort (node:internal/abort_controller:122:5)
    at Timeout.<anonymous> (/home/widatech/Documents/TracknTrace/middleware/node_modules/mongodb/lib/utils.js:976:92)
    at listOnTimeout (node:internal/timers:557:17)
    at processTimers (node:internal/timers:500:7) {
  reason: TopologyDescription {
    type: 'Single',
    servers: Map(1) { '192.168.132.65:27017' => [ServerDescription] },
    stale: false,
    compatible: true,
    heartbeatFrequencyMS: 10000,
    localThresholdMS: 15,
    setName: null,
    maxElectionId: null,
    maxSetVersion: null,
    commonWireVersion: 0,
    logicalSessionTimeoutMinutes: null
  },
  code: undefined,
  [Symbol(errorLabels)]: Set(0) {}
}
[MongoDB] Error connecting to the MongoDB, error: MongoServerSelectionError: connection timed out
    at EventTarget.<anonymous> (/home/widatech/Documents/TracknTrace/middleware/node_modules/mongodb/lib/sdam/topology.js:289:34)
    at EventTarget.[nodejs.internal.kHybridDispatch] (node:internal/event_target:562:20)
    at EventTarget.dispatchEvent (node:internal/event_target:504:26)
    at abortSignal (node:internal/abort_controller:97:10)
    at AbortController.abort (node:internal/abort_controller:122:5)
    at Timeout.<anonymous> (/home/widatech/Documents/TracknTrace/middleware/node_modules/mongodb/lib/utils.js:976:92)
    at listOnTimeout (node:internal/timers:557:17)
    at processTimers (node:internal/timers:500:7) {
  reason: TopologyDescription {
    type: 'Single',
    servers: Map(1) { '192.168.132.65:27017' => [ServerDescription] },
    stale: false,
    compatible: true,
    heartbeatFrequencyMS: 10000,
    localThresholdMS: 15,
    setName: null,
    maxElectionId: null,
    maxSetVersion: null,
    commonWireVersion: 0,
    logicalSessionTimeoutMinutes: null
  },
  code: undefined,
  [Symbol(errorLabels)]: Set(0) {}
}
[MongoDB] Error connecting to the MongoDB, error: MongoServerSelectionError: connection timed out
    at EventTarget.<anonymous> (/home/widatech/Documents/TracknTrace/middleware/node_modules/mongodb/lib/sdam/topology.js:289:34)
    at EventTarget.[nodejs.internal.kHybridDispatch] (node:internal/event_target:562:20)
    at EventTarget.dispatchEvent (node:internal/event_target:504:26)
    at abortSignal (node:internal/abort_controller:97:10)
    at AbortController.abort (node:internal/abort_controller:122:5)
    at Timeout.<anonymous> (/home/widatech/Documents/TracknTrace/middleware/node_modules/mongodb/lib/utils.js:976:92)
    at listOnTimeout (node:internal/timers:557:17)
    at processTimers (node:internal/timers:500:7) {
  reason: TopologyDescription {
    type: 'Single',
    servers: Map(1) { '192.168.132.65:27017' => [ServerDescription] },
    stale: false,
    compatible: true,
    heartbeatFrequencyMS: 10000,
    localThresholdMS: 15,
    setName: null,
    maxElectionId: null,
    maxSetVersion: null,
    commonWireVersion: 0,
    logicalSessionTimeoutMinutes: null
  },
  code: undefined,
  [Symbol(errorLabels)]: Set(0) {}
}
[MongoDB] Error connecting to the MongoDB, error: MongoServerSelectionError: connection timed out
    at EventTarget.<anonymous> (/home/widatech/Documents/TracknTrace/middleware/node_modules/mongodb/lib/sdam/topology.js:289:34)
    at EventTarget.[nodejs.internal.kHybridDispatch] (node:internal/event_target:562:20)
    at EventTarget.dispatchEvent (node:internal/event_target:504:26)
    at abortSignal (node:internal/abort_controller:97:10)
    at AbortController.abort (node:internal/abort_controller:122:5)
    at Timeout.<anonymous> (/home/widatech/Documents/TracknTrace/middleware/node_modules/mongodb/lib/utils.js:976:92)
    at listOnTimeout (node:internal/timers:557:17)
    at processTimers (node:internal/timers:500:7) {
  reason: TopologyDescription {
    type: 'Single',
    servers: Map(1) { '192.168.132.65:27017' => [ServerDescription] },
    stale: false,
    compatible: true,
    heartbeatFrequencyMS: 10000,
    localThresholdMS: 15,
    setName: null,
    maxElectionId: null,
    maxSetVersion: null,
    commonWireVersion: 0,
    logicalSessionTimeoutMinutes: null
  },
  code: undefined,
  [Symbol(errorLabels)]: Set(0) {}
}
[MongoDB] Error connecting to the MongoDB, error: MongoServerSelectionError: connection timed out
    at EventTarget.<anonymous> (/home/widatech/Documents/TracknTrace/middleware/node_modules/mongodb/lib/sdam/topology.js:289:34)
    at EventTarget.[nodejs.internal.kHybridDispatch] (node:internal/event_target:562:20)
    at EventTarget.dispatchEvent (node:internal/event_target:504:26)
    at abortSignal (node:internal/abort_controller:97:10)
    at AbortController.abort (node:internal/abort_controller:122:5)
    at Timeout.<anonymous> (/home/widatech/Documents/TracknTrace/middleware/node_modules/mongodb/lib/utils.js:976:92)
    at listOnTimeout (node:internal/timers:557:17)
    at processTimers (node:internal/timers:500:7) {
  reason: TopologyDescription {
    type: 'Single',
    servers: Map(1) { '192.168.132.65:27017' => [ServerDescription] },
    stale: false,
    compatible: true,
    heartbeatFrequencyMS: 10000,
    localThresholdMS: 15,
    setName: null,
    maxElectionId: null,
    maxSetVersion: null,
    commonWireVersion: 0,
    logicalSessionTimeoutMinutes: null
  },
  code: undefined,
  [Symbol(errorLabels)]: Set(0) {}
}
[MongoDB] Error connecting to the MongoDB, error: MongoServerSelectionError: connection timed out
    at EventTarget.<anonymous> (/home/widatech/Documents/TracknTrace/middleware/node_modules/mongodb/lib/sdam/topology.js:289:34)
    at EventTarget.[nodejs.internal.kHybridDispatch] (node:internal/event_target:562:20)
    at EventTarget.dispatchEvent (node:internal/event_target:504:26)
    at abortSignal (node:internal/abort_controller:97:10)
    at AbortController.abort (node:internal/abort_controller:122:5)
    at Timeout.<anonymous> (/home/widatech/Documents/TracknTrace/middleware/node_modules/mongodb/lib/utils.js:976:92)
    at listOnTimeout (node:internal/timers:557:17)
    at processTimers (node:internal/timers:500:7) {
  reason: TopologyDescription {
    type: 'Single',
    servers: Map(1) { '192.168.132.65:27017' => [ServerDescription] },
    stale: false,
    compatible: true,
    heartbeatFrequencyMS: 10000,
    localThresholdMS: 15,
    setName: null,
    maxElectionId: null,
    maxSetVersion: null,
    commonWireVersion: 0,
    logicalSessionTimeoutMinutes: null
  },
  code: undefined,
  [Symbol(errorLabels)]: Set(0) {}
}
[MongoDB] Reconnection attempt failed, error: MongoServerSelectionError: connection timed out
    at EventTarget.<anonymous> (/home/widatech/Documents/TracknTrace/middleware/node_modules/mongodb/lib/sdam/topology.js:289:34)
    at EventTarget.[nodejs.internal.kHybridDispatch] (node:internal/event_target:562:20)
    at EventTarget.dispatchEvent (node:internal/event_target:504:26)
    at abortSignal (node:internal/abort_controller:97:10)
    at AbortController.abort (node:internal/abort_controller:122:5)
    at Timeout.<anonymous> (/home/widatech/Documents/TracknTrace/middleware/node_modules/mongodb/lib/utils.js:976:92)
    at listOnTimeout (node:internal/timers:557:17)
    at processTimers (node:internal/timers:500:7) {
  reason: TopologyDescription {
    type: 'Single',
    servers: Map(1) { '192.168.132.65:27017' => [ServerDescription] },
    stale: false,
    compatible: true,
    heartbeatFrequencyMS: 10000,
    localThresholdMS: 15,
    setName: null,
    maxElectionId: null,
    maxSetVersion: null,
    commonWireVersion: 0,
    logicalSessionTimeoutMinutes: null
  },
  code: undefined,
  [Symbol(errorLabels)]: Set(0) {}
}
[MongoDB] Reconnection attempt failed, error: MongoServerSelectionError: connection timed out
    at EventTarget.<anonymous> (/home/widatech/Documents/TracknTrace/middleware/node_modules/mongodb/lib/sdam/topology.js:289:34)
    at EventTarget.[nodejs.internal.kHybridDispatch] (node:internal/event_target:562:20)
    at EventTarget.dispatchEvent (node:internal/event_target:504:26)
    at abortSignal (node:internal/abort_controller:97:10)
    at AbortController.abort (node:internal/abort_controller:122:5)
    at Timeout.<anonymous> (/home/widatech/Documents/TracknTrace/middleware/node_modules/mongodb/lib/utils.js:976:92)
    at listOnTimeout (node:internal/timers:557:17)
    at processTimers (node:internal/timers:500:7) {
  reason: TopologyDescription {
    type: 'Single',
    servers: Map(1) { '192.168.132.65:27017' => [ServerDescription] },
    stale: false,
    compatible: true,
    heartbeatFrequencyMS: 10000,
    localThresholdMS: 15,
    setName: null,
    maxElectionId: null,
    maxSetVersion: null,
    commonWireVersion: 0,
    logicalSessionTimeoutMinutes: null
  },
  code: undefined,
  [Symbol(errorLabels)]: Set(0) {}
}
[MongoDB] Reconnection attempt failed, error: MongoServerSelectionError: connection timed out
    at EventTarget.<anonymous> (/home/widatech/Documents/TracknTrace/middleware/node_modules/mongodb/lib/sdam/topology.js:289:34)
    at EventTarget.[nodejs.internal.kHybridDispatch] (node:internal/event_target:562:20)
    at EventTarget.dispatchEvent (node:internal/event_target:504:26)
    at abortSignal (node:internal/abort_controller:97:10)
    at AbortController.abort (node:internal/abort_controller:122:5)
    at Timeout.<anonymous> (/home/widatech/Documents/TracknTrace/middleware/node_modules/mongodb/lib/utils.js:976:92)
    at listOnTimeout (node:internal/timers:557:17)
    at processTimers (node:internal/timers:500:7) {
  reason: TopologyDescription {
    type: 'Single',
    servers: Map(1) { '192.168.132.65:27017' => [ServerDescription] },
    stale: false,
    compatible: true,
    heartbeatFrequencyMS: 10000,
    localThresholdMS: 15,
    setName: null,
    maxElectionId: null,
    maxSetVersion: null,
    commonWireVersion: 0,
    logicalSessionTimeoutMinutes: null
  },
  code: undefined,
  [Symbol(errorLabels)]: Set(0) {}
}
[MongoDB] Reconnection attempt failed, error: MongoServerSelectionError: connection timed out
    at EventTarget.<anonymous> (/home/widatech/Documents/TracknTrace/middleware/node_modules/mongodb/lib/sdam/topology.js:289:34)
    at EventTarget.[nodejs.internal.kHybridDispatch] (node:internal/event_target:562:20)
    at EventTarget.dispatchEvent (node:internal/event_target:504:26)
    at abortSignal (node:internal/abort_controller:97:10)
    at AbortController.abort (node:internal/abort_controller:122:5)
    at Timeout.<anonymous> (/home/widatech/Documents/TracknTrace/middleware/node_modules/mongodb/lib/utils.js:976:92)
    at listOnTimeout (node:internal/timers:557:17)
    at processTimers (node:internal/timers:500:7) {
  reason: TopologyDescription {
    type: 'Single',
    servers: Map(1) { '192.168.132.65:27017' => [ServerDescription] },
    stale: false,
    compatible: true,
    heartbeatFrequencyMS: 10000,
    localThresholdMS: 15,
    setName: null,
    maxElectionId: null,
    maxSetVersion: null,
    commonWireVersion: 0,
    logicalSessionTimeoutMinutes: null
  },
  code: undefined,
  [Symbol(errorLabels)]: Set(0) {}
}
