Initializing...
Infinity
Infinity
[LowDB] initializing is completed
regex: [
  "\\(90\\)[A-Za-z0-9]{1,16}\\(91\\)\\d{1,10}",
  "\\(90\\)[A-Za-z0-9]{1,16}\\(10\\)[A-Za-z0-9]{1,20}\\(17\\)\\d{1,6}\\(21\\)[A-Za-z0-9]{1,20}",
  "\\(01\\)[A-Za-z0-9]{14}\\(10\\)[A-Za-z0-9]{1,20}\\(17\\)\\d{1,6}\\(21\\)[A-Za-z0-9]{1,20}"
]
[MongoDB] connecting to MongoDB...
[MongoDB] Connected to the MongoDB
[Init] connecting to Websocket For data...
[Init] connected to Websocket for data.
[Init] connecting to Websocket For status...
[Init] connected to Websocket for status.
[Init] connecting to aggregation camera...
[Init] connecting to printer...
[Printer] Socket established on port 8010 and IP 192.168.132.20
[Init] connected to printer
[Init] connecting to serialization camera...
[Ser Cam] Socket established
[Init] connected to serialization camera
[Init] connecting to weighing scale...
Found It
/dev/ttyUSB0
Port opened and data written
Data: 0
Data: 0
Data: 0
Data: 0
Data: 0
Average weight: 0
Port closed
Port closed successfully
[Init] connected to weighing scale
Infinity
Infinity
Initializing...
Infinity
Infinity
[LowDB] initializing is completed
regex: [
  "\\(90\\)[A-Za-z0-9]{1,16}\\(91\\)\\d{1,10}",
  "\\(90\\)[A-Za-z0-9]{1,16}\\(10\\)[A-Za-z0-9]{1,20}\\(17\\)\\d{1,6}\\(21\\)[A-Za-z0-9]{1,20}",
  "\\(01\\)[A-Za-z0-9]{14}\\(10\\)[A-Za-z0-9]{1,20}\\(17\\)\\d{1,6}\\(21\\)[A-Za-z0-9]{1,20}"
]
[MongoDB] connecting to MongoDB...
[MongoDB] Connected to the MongoDB
[Init] connecting to Websocket For data...
[Init] connected to Websocket for data.
[Init] connecting to Websocket For status...
[Init] connected to Websocket for status.
[Init] connecting to aggregation camera...
[Init] connecting to printer...
[Printer] Socket established on port 8010 and IP 192.168.132.20
[Init] connected to printer
[Init] connecting to serialization camera...
[Ser Cam] Socket established
[Init] connected to serialization camera
[Init] connecting to weighing scale...
Found It
/dev/ttyUSB0
Port opened and data written
Data: 0
Data: 0
Data: 0
Data: 0
Data: 0
Average weight: 0
Port closed
Port closed successfully
[Init] connected to weighing scale
Infinity
Infinity
Initializing...
Infinity
Infinity
[LowDB] initializing is completed
regex: [
  "\\(90\\)[A-Za-z0-9]{1,16}\\(91\\)\\d{1,10}",
  "\\(90\\)[A-Za-z0-9]{1,16}\\(10\\)[A-Za-z0-9]{1,20}\\(17\\)\\d{1,6}\\(21\\)[A-Za-z0-9]{1,20}",
  "\\(01\\)[A-Za-z0-9]{14}\\(10\\)[A-Za-z0-9]{1,20}\\(17\\)\\d{1,6}\\(21\\)[A-Za-z0-9]{1,20}"
]
[MongoDB] connecting to MongoDB...
[MongoDB] Connected to the MongoDB
[Init] connecting to Websocket For data...
[Websocket] disconnected
[Websocket] disconnected
Infinity
Infinity
[Init] error occurred:  Error: connect ECONNREFUSED 127.0.0.1:9002
    at TCPConnectWrap.afterConnect [as oncomplete] (node:net:1161:16) {
  errno: -111,
  code: 'ECONNREFUSED',
  syscall: 'connect',
  address: '127.0.0.1',
  port: 9002
}
[Init] connecting to Websocket For data...
[Websocket] disconnected
[Websocket] disconnected
Infinity
Infinity
[Init] error occurred:  Error: connect ECONNREFUSED 127.0.0.1:9002
    at TCPConnectWrap.afterConnect [as oncomplete] (node:net:1161:16) {
  errno: -111,
  code: 'ECONNREFUSED',
  syscall: 'connect',
  address: '127.0.0.1',
  port: 9002
}
[Init] connecting to Websocket For data...
[Websocket] disconnected
[Websocket] disconnected
Infinity
Infinity
[Init] error occurred:  Error: connect ECONNREFUSED 127.0.0.1:9002
    at TCPConnectWrap.afterConnect [as oncomplete] (node:net:1161:16) {
  errno: -111,
  code: 'ECONNREFUSED',
  syscall: 'connect',
  address: '127.0.0.1',
  port: 9002
}
[Init] connecting to Websocket For data...
[Websocket] disconnected
[Websocket] disconnected
Infinity
Infinity
[Init] error occurred:  Error: connect ECONNREFUSED 127.0.0.1:9002
    at TCPConnectWrap.afterConnect [as oncomplete] (node:net:1161:16) {
  errno: -111,
  code: 'ECONNREFUSED',
  syscall: 'connect',
  address: '127.0.0.1',
  port: 9002
}
[Init] connecting to Websocket For data...
[Websocket] disconnected
[Websocket] disconnected
Infinity
Infinity
[Init] error occurred:  Error: connect ECONNREFUSED 127.0.0.1:9002
    at TCPConnectWrap.afterConnect [as oncomplete] (node:net:1161:16) {
  errno: -111,
  code: 'ECONNREFUSED',
  syscall: 'connect',
  address: '127.0.0.1',
  port: 9002
}
[Init] connecting to Websocket For data...
[Websocket] disconnected
[Websocket] disconnected
Infinity
Infinity
[Init] error occurred:  Error: connect ECONNREFUSED 127.0.0.1:9002
    at TCPConnectWrap.afterConnect [as oncomplete] (node:net:1161:16) {
  errno: -111,
  code: 'ECONNREFUSED',
  syscall: 'connect',
  address: '127.0.0.1',
  port: 9002
}
[Init] connecting to Websocket For data...
[Websocket] disconnected
[Websocket] disconnected
Infinity
Infinity
[Init] error occurred:  Error: connect ECONNREFUSED 127.0.0.1:9002
    at TCPConnectWrap.afterConnect [as oncomplete] (node:net:1161:16) {
  errno: -111,
  code: 'ECONNREFUSED',
  syscall: 'connect',
  address: '127.0.0.1',
  port: 9002
}
[Init] connecting to Websocket For data...
[Websocket] disconnected
[Websocket] disconnected
Infinity
Infinity
[Init] error occurred:  Error: connect ECONNREFUSED 127.0.0.1:9002
    at TCPConnectWrap.afterConnect [as oncomplete] (node:net:1161:16) {
  errno: -111,
  code: 'ECONNREFUSED',
  syscall: 'connect',
  address: '127.0.0.1',
  port: 9002
}
Initializing...
Infinity
Infinity
[LowDB] initializing is completed
regex: [
  "\\(90\\)[A-Za-z0-9]{1,16}\\(91\\)\\d{1,10}",
  "\\(90\\)[A-Za-z0-9]{1,16}\\(10\\)[A-Za-z0-9]{1,20}\\(17\\)\\d{1,6}\\(21\\)[A-Za-z0-9]{1,20}",
  "\\(01\\)[A-Za-z0-9]{14}\\(10\\)[A-Za-z0-9]{1,20}\\(17\\)\\d{1,6}\\(21\\)[A-Za-z0-9]{1,20}"
]
[MongoDB] connecting to MongoDB...
[MongoDB] Connected to the MongoDB
[Init] connecting to Websocket For data...
[Websocket] disconnected
[Websocket] disconnected
Infinity
Infinity
[Init] error occurred:  Error: connect ECONNREFUSED 127.0.0.1:9002
    at TCPConnectWrap.afterConnect [as oncomplete] (node:net:1161:16) {
  errno: -111,
  code: 'ECONNREFUSED',
  syscall: 'connect',
  address: '127.0.0.1',
  port: 9002
}
[Init] connecting to Websocket For data...
[Websocket] disconnected
[Websocket] disconnected
Infinity
Infinity
[Init] error occurred:  Error: connect ECONNREFUSED 127.0.0.1:9002
    at TCPConnectWrap.afterConnect [as oncomplete] (node:net:1161:16) {
  errno: -111,
  code: 'ECONNREFUSED',
  syscall: 'connect',
  address: '127.0.0.1',
  port: 9002
}
[Init] connecting to Websocket For data...
[Websocket] disconnected
[Websocket] disconnected
Infinity
Infinity
[Init] error occurred:  Error: connect ECONNREFUSED 127.0.0.1:9002
    at TCPConnectWrap.afterConnect [as oncomplete] (node:net:1161:16) {
  errno: -111,
  code: 'ECONNREFUSED',
  syscall: 'connect',
  address: '127.0.0.1',
  port: 9002
}
Initializing...
Infinity
Infinity
[LowDB] initializing is completed
regex: [
  "\\(90\\)[A-Za-z0-9]{1,16}\\(91\\)\\d{1,10}",
  "\\(90\\)[A-Za-z0-9]{1,16}\\(10\\)[A-Za-z0-9]{1,20}\\(17\\)\\d{1,6}\\(21\\)[A-Za-z0-9]{1,20}",
  "\\(01\\)[A-Za-z0-9]{14}\\(10\\)[A-Za-z0-9]{1,20}\\(17\\)\\d{1,6}\\(21\\)[A-Za-z0-9]{1,20}"
]
[MongoDB] connecting to MongoDB...
[MongoDB] Connected to the MongoDB
[Init] connecting to Websocket For data...
[Websocket] disconnected
[Websocket] disconnected
Infinity
Infinity
[Init] error occurred:  Error: connect ECONNREFUSED 127.0.0.1:9002
    at TCPConnectWrap.afterConnect [as oncomplete] (node:net:1161:16) {
  errno: -111,
  code: 'ECONNREFUSED',
  syscall: 'connect',
  address: '127.0.0.1',
  port: 9002
}
[Init] connecting to Websocket For data...
[Websocket] disconnected
[Websocket] disconnected
Infinity
Infinity
[Init] error occurred:  Error: connect ECONNREFUSED 127.0.0.1:9002
    at TCPConnectWrap.afterConnect [as oncomplete] (node:net:1161:16) {
  errno: -111,
  code: 'ECONNREFUSED',
  syscall: 'connect',
  address: '127.0.0.1',
  port: 9002
}
[Init] connecting to Websocket For data...
[Websocket] disconnected
[Websocket] disconnected
Infinity
Infinity
[Init] error occurred:  Error: connect ECONNREFUSED 127.0.0.1:9002
    at TCPConnectWrap.afterConnect [as oncomplete] (node:net:1161:16) {
  errno: -111,
  code: 'ECONNREFUSED',
  syscall: 'connect',
  address: '127.0.0.1',
  port: 9002
}
[Init] connecting to Websocket For data...
[Websocket] disconnected
[Websocket] disconnected
Infinity
Infinity
[Init] error occurred:  Error: connect ECONNREFUSED 127.0.0.1:9002
    at TCPConnectWrap.afterConnect [as oncomplete] (node:net:1161:16) {
  errno: -111,
  code: 'ECONNREFUSED',
  syscall: 'connect',
  address: '127.0.0.1',
  port: 9002
}
[Init] connecting to Websocket For data...
[Websocket] disconnected
[Websocket] disconnected
Infinity
Infinity
[Init] error occurred:  Error: connect ECONNREFUSED 127.0.0.1:9002
    at TCPConnectWrap.afterConnect [as oncomplete] (node:net:1161:16) {
  errno: -111,
  code: 'ECONNREFUSED',
  syscall: 'connect',
  address: '127.0.0.1',
  port: 9002
}
[Init] connecting to Websocket For data...
[Websocket] disconnected
[Websocket] disconnected
Infinity
Infinity
[Init] error occurred:  Error: connect ECONNREFUSED 127.0.0.1:9002
    at TCPConnectWrap.afterConnect [as oncomplete] (node:net:1161:16) {
  errno: -111,
  code: 'ECONNREFUSED',
  syscall: 'connect',
  address: '127.0.0.1',
  port: 9002
}
[Init] connecting to Websocket For data...
[Websocket] disconnected
[Websocket] disconnected
Infinity
Infinity
[Init] error occurred:  Error: connect ECONNREFUSED 127.0.0.1:9002
    at TCPConnectWrap.afterConnect [as oncomplete] (node:net:1161:16) {
  errno: -111,
  code: 'ECONNREFUSED',
  syscall: 'connect',
  address: '127.0.0.1',
  port: 9002
}
[Init] connecting to Websocket For data...
[Websocket] disconnected
[Websocket] disconnected
Infinity
Infinity
[Init] error occurred:  Error: connect ECONNREFUSED 127.0.0.1:9002
    at TCPConnectWrap.afterConnect [as oncomplete] (node:net:1161:16) {
  errno: -111,
  code: 'ECONNREFUSED',
  syscall: 'connect',
  address: '127.0.0.1',
  port: 9002
}
Initializing...
Infinity
Infinity
[LowDB] initializing is completed
regex: [
  "\\(90\\)[A-Za-z0-9]{1,16}\\(91\\)\\d{1,10}",
  "\\(90\\)[A-Za-z0-9]{1,16}\\(10\\)[A-Za-z0-9]{1,20}\\(17\\)\\d{1,6}\\(21\\)[A-Za-z0-9]{1,20}",
  "\\(01\\)[A-Za-z0-9]{14}\\(10\\)[A-Za-z0-9]{1,20}\\(17\\)\\d{1,6}\\(21\\)[A-Za-z0-9]{1,20}"
]
[MongoDB] connecting to MongoDB...
[MongoDB] Disconnected from MongoDB
[MongoDB] Attempting to reconnect... (1/5)
[MongoDB] connecting to MongoDB...
[MongoDB] Disconnected from MongoDB
[MongoDB] Attempting to reconnect... (1/5)
[MongoDB] connecting to MongoDB...
Infinity
Infinity
[Init] error occurred:  MongoServerSelectionError: connection timed out
    at EventTarget.<anonymous> (/home/widatech/Documents/TracknTrace/middleware/node_modules/mongodb/lib/sdam/topology.js:289:34)
    at EventTarget.[nodejs.internal.kHybridDispatch] (node:internal/event_target:562:20)
    at EventTarget.dispatchEvent (node:internal/event_target:504:26)
    at abortSignal (node:internal/abort_controller:97:10)
    at AbortController.abort (node:internal/abort_controller:122:5)
    at Timeout.<anonymous> (/home/widatech/Documents/TracknTrace/middleware/node_modules/mongodb/lib/utils.js:976:92)
    at listOnTimeout (node:internal/timers:557:17)
    at processTimers (node:internal/timers:500:7) {
  reason: TopologyDescription {
    type: 'Single',
    servers: Map(1) { '192.168.132.65:27017' => [ServerDescription] },
    stale: false,
    compatible: true,
    heartbeatFrequencyMS: 10000,
    localThresholdMS: 15,
    setName: null,
    maxElectionId: null,
    maxSetVersion: null,
    commonWireVersion: 0,
    logicalSessionTimeoutMinutes: null
  },
  code: undefined,
  [Symbol(errorLabels)]: Set(0) {}
}
[MongoDB] Attempting to reconnect... (2/5)
[MongoDB] connecting to MongoDB...
[MongoDB] Attempting to reconnect... (2/5)
[MongoDB] connecting to MongoDB...
Initializing...
Infinity
Infinity
[LowDB] initializing is completed
regex: [
  "\\(90\\)[A-Za-z0-9]{1,16}\\(91\\)\\d{1,10}",
  "\\(90\\)[A-Za-z0-9]{1,16}\\(10\\)[A-Za-z0-9]{1,20}\\(17\\)\\d{1,6}\\(21\\)[A-Za-z0-9]{1,20}",
  "\\(01\\)[A-Za-z0-9]{14}\\(10\\)[A-Za-z0-9]{1,20}\\(17\\)\\d{1,6}\\(21\\)[A-Za-z0-9]{1,20}"
]
[MongoDB] connecting to MongoDB...
[MongoDB] Disconnected from MongoDB
[MongoDB] Attempting to reconnect... (1/5)
[MongoDB] connecting to MongoDB...
[MongoDB] Disconnected from MongoDB
[MongoDB] Attempting to reconnect... (1/5)
[MongoDB] connecting to MongoDB...
Infinity
Infinity
[Init] error occurred:  MongoServerSelectionError: connection timed out
    at EventTarget.<anonymous> (/home/widatech/Documents/TracknTrace/middleware/node_modules/mongodb/lib/sdam/topology.js:289:34)
    at EventTarget.[nodejs.internal.kHybridDispatch] (node:internal/event_target:562:20)
    at EventTarget.dispatchEvent (node:internal/event_target:504:26)
    at abortSignal (node:internal/abort_controller:97:10)
    at AbortController.abort (node:internal/abort_controller:122:5)
    at Timeout.<anonymous> (/home/widatech/Documents/TracknTrace/middleware/node_modules/mongodb/lib/utils.js:976:92)
    at listOnTimeout (node:internal/timers:557:17)
    at processTimers (node:internal/timers:500:7) {
  reason: TopologyDescription {
    type: 'Single',
    servers: Map(1) { '192.168.132.65:27017' => [ServerDescription] },
    stale: false,
    compatible: true,
    heartbeatFrequencyMS: 10000,
    localThresholdMS: 15,
    setName: null,
    maxElectionId: null,
    maxSetVersion: null,
    commonWireVersion: 0,
    logicalSessionTimeoutMinutes: null
  },
  code: undefined,
  [Symbol(errorLabels)]: Set(0) {}
}
[MongoDB] Attempting to reconnect... (2/5)
[MongoDB] connecting to MongoDB...
[MongoDB] Attempting to reconnect... (2/5)
[MongoDB] connecting to MongoDB...
Initializing...
Infinity
Infinity
[LowDB] initializing is completed
regex: [
  "\\(90\\)[A-Za-z0-9]{1,16}\\(91\\)\\d{1,10}",
  "\\(90\\)[A-Za-z0-9]{1,16}\\(10\\)[A-Za-z0-9]{1,20}\\(17\\)\\d{1,6}\\(21\\)[A-Za-z0-9]{1,20}",
  "\\(01\\)[A-Za-z0-9]{14}\\(10\\)[A-Za-z0-9]{1,20}\\(17\\)\\d{1,6}\\(21\\)[A-Za-z0-9]{1,20}"
]
[MongoDB] connecting to MongoDB...
Initializing...
Infinity
Infinity
[LowDB] initializing is completed
regex: [
  "\\(90\\)[A-Za-z0-9]{1,16}\\(91\\)\\d{1,10}",
  "\\(90\\)[A-Za-z0-9]{1,16}\\(10\\)[A-Za-z0-9]{1,20}\\(17\\)\\d{1,6}\\(21\\)[A-Za-z0-9]{1,20}",
  "\\(01\\)[A-Za-z0-9]{14}\\(10\\)[A-Za-z0-9]{1,20}\\(17\\)\\d{1,6}\\(21\\)[A-Za-z0-9]{1,20}"
]
[MongoDB] connecting to MongoDB...
Initializing...
Infinity
Infinity
[LowDB] initializing is completed
regex: [
  "\\(90\\)[A-Za-z0-9]{1,16}\\(91\\)\\d{1,10}",
  "\\(90\\)[A-Za-z0-9]{1,16}\\(10\\)[A-Za-z0-9]{1,20}\\(17\\)\\d{1,6}\\(21\\)[A-Za-z0-9]{1,20}",
  "\\(01\\)[A-Za-z0-9]{14}\\(10\\)[A-Za-z0-9]{1,20}\\(17\\)\\d{1,6}\\(21\\)[A-Za-z0-9]{1,20}"
]
[MongoDB] connecting to MongoDB...
Initializing...
Infinity
Infinity
[LowDB] initializing is completed
regex: [
  "\\(90\\)[A-Za-z0-9]{1,16}\\(91\\)\\d{1,10}",
  "\\(90\\)[A-Za-z0-9]{1,16}\\(10\\)[A-Za-z0-9]{1,20}\\(17\\)\\d{1,6}\\(21\\)[A-Za-z0-9]{1,20}",
  "\\(01\\)[A-Za-z0-9]{14}\\(10\\)[A-Za-z0-9]{1,20}\\(17\\)\\d{1,6}\\(21\\)[A-Za-z0-9]{1,20}"
]
[MongoDB] connecting to MongoDB...
[MongoDB] Disconnected from MongoDB
[MongoDB] Attempting to reconnect... (1/5)
[MongoDB] connecting to MongoDB...
[MongoDB] Disconnected from MongoDB
[MongoDB] Attempting to reconnect... (1/5)
[MongoDB] connecting to MongoDB...
Infinity
Infinity
[Init] error occurred:  MongoServerSelectionError: connect ENETUNREACH 192.168.132.65:27017
    at EventTarget.<anonymous> (/home/widatech/Documents/TracknTrace/middleware/node_modules/mongodb/lib/sdam/topology.js:289:34)
    at EventTarget.[nodejs.internal.kHybridDispatch] (node:internal/event_target:562:20)
    at EventTarget.dispatchEvent (node:internal/event_target:504:26)
    at abortSignal (node:internal/abort_controller:97:10)
    at AbortController.abort (node:internal/abort_controller:122:5)
    at Timeout.<anonymous> (/home/widatech/Documents/TracknTrace/middleware/node_modules/mongodb/lib/utils.js:976:92)
    at listOnTimeout (node:internal/timers:557:17)
    at processTimers (node:internal/timers:500:7) {
  reason: TopologyDescription {
    type: 'Single',
    servers: Map(1) { '192.168.132.65:27017' => [ServerDescription] },
    stale: false,
    compatible: true,
    heartbeatFrequencyMS: 10000,
    localThresholdMS: 15,
    setName: null,
    maxElectionId: null,
    maxSetVersion: null,
    commonWireVersion: 0,
    logicalSessionTimeoutMinutes: null
  },
  code: undefined,
  [Symbol(errorLabels)]: Set(0) {}
}
[MongoDB] Attempting to reconnect... (2/5)
[MongoDB] connecting to MongoDB...
[MongoDB] Attempting to reconnect... (2/5)
[MongoDB] connecting to MongoDB...
[MongoDB] connecting to MongoDB...
[MongoDB] Disconnected from MongoDB
[MongoDB] Attempting to reconnect... (1/5)
[MongoDB] connecting to MongoDB...
[MongoDB] Disconnected from MongoDB
[MongoDB] Attempting to reconnect... (1/5)
[MongoDB] connecting to MongoDB...
Infinity
Infinity
[Init] error occurred:  MongoServerSelectionError: connection timed out
    at EventTarget.<anonymous> (/home/widatech/Documents/TracknTrace/middleware/node_modules/mongodb/lib/sdam/topology.js:289:34)
    at EventTarget.[nodejs.internal.kHybridDispatch] (node:internal/event_target:562:20)
    at EventTarget.dispatchEvent (node:internal/event_target:504:26)
    at abortSignal (node:internal/abort_controller:97:10)
    at AbortController.abort (node:internal/abort_controller:122:5)
    at Timeout.<anonymous> (/home/widatech/Documents/TracknTrace/middleware/node_modules/mongodb/lib/utils.js:976:92)
    at listOnTimeout (node:internal/timers:557:17)
    at processTimers (node:internal/timers:500:7) {
  reason: TopologyDescription {
    type: 'Single',
    servers: Map(1) { '192.168.132.65:27017' => [ServerDescription] },
    stale: false,
    compatible: true,
    heartbeatFrequencyMS: 10000,
    localThresholdMS: 15,
    setName: null,
    maxElectionId: null,
    maxSetVersion: null,
    commonWireVersion: 0,
    logicalSessionTimeoutMinutes: null
  },
  code: undefined,
  [Symbol(errorLabels)]: Set(0) {}
}
[MongoDB] Attempting to reconnect... (3/5)
[MongoDB] connecting to MongoDB...
[MongoDB] Attempting to reconnect... (3/5)
[MongoDB] connecting to MongoDB...
[MongoDB] Attempting to reconnect... (2/5)
[MongoDB] connecting to MongoDB...
[MongoDB] Attempting to reconnect... (2/5)
[MongoDB] connecting to MongoDB...
[MongoDB] connecting to MongoDB...
