Info    2024-07-10 20:48:46  DevID:MV-ID5200M-00C-NNN(02J87632631)  Source-Line:libMvCameraControl.so(CInterfaceManager.cpp-L0809)     Description:Current dynamic library path[/home/widatech/Documents/TracknTrace/aggregasi/aggregation-main/libMvCameraControl.so]     Solution:
Info    2024-07-10 20:48:46  DevID:MV-ID5200M-00C-NNN(02J87632631)  Source-Line:libMvCameraControl.so(CInterfaceManager.cpp-L0812)     Description:CamCtl_Version: 3.2.0.3     Solution:
Info    2024-07-10 20:48:46  DevID:MV-ID5200M-00C-NNN(02J87632631)  Source-Line:libMvCameraControl.so(CInterfaceManager.cpp-L0813)     Description:CamCtl_Description: BaseLine Build 20210715     Solution:
Info    2024-07-10 20:48:46  DevID:MV-ID5200M-00C-NNN(02J87632631)  Source-Line:libMvCameraControl.so(CInterfaceManager.cpp-L0815)     Description:[MV_CC_CreateHandle] return[0x0]     Solution:
Info    2024-07-10 20:48:46  DevID:MV-ID5200M-00C-NNN(02J87632631)  Source-Line:libMvCameraControl.so(CInterfaceManager.cpp-L1398)     Description:[MV_CC_RegisterImageCallBackEx] return[0x0]     Solution:
Info    2024-07-10 20:48:46  DevID:MV-ID5200M-00C-NNN(02J87632631)  Source-Line:libMvCameraControl.so(CInterfaceManager.cpp-L6632)     Description:CamCtrl[0x3020003], GigE SDKVersion[0x3020003], DriverVersion[0x0]     Solution:
Info    2024-07-10 20:48:47  DevID:MV-ID5200M-00C-NNN(02J87632631)  Source-Line:libMvCameraControl.so(CInterfaceManager.cpp-L4229)     Description:[MV_CC_InvalidateNodes] return[0x0]     Solution:
Info    2024-07-10 20:48:47  DevID:MV-ID5200M-00C-NNN(02J87632631)  Source-Line:libMvCameraControl.so(CInterfaceManager.cpp-L1086)     Description:[MV_CC_OpenDevice] nPrivilegeMode[1], nSwitchoverKey[0], return[0x0]     Solution:
Error   2024-07-10 20:48:47  DevID:MV-ID5200M-00C-NNN(02J87632631)  Source-Line:libMvCameraControl.so(XmlParse.cpp-L2198)     Description:GetNodeValue [GevMessageChannelCnt], Unknow Exception     Solution:
Error   2024-07-10 20:48:47  DevID:MV-ID5200M-00C-NNN(02J87632631)  Source-Line:libMvCameraControl.so(CInterfaceManager.cpp-L3832)     Description:[MV_CC_GetIntValue] Property[GevMessageChannelCnt], return[0x80000100]     Solution:
Error   2024-07-10 20:48:47  DevID:MV-ID5200M-00C-NNN(02J87632631)  Source-Line:libMvCameraControl.so(XmlParse.cpp-L2247)     Description:GetNodeValue [GevMessageChannelCnt], Unknow Exception     Solution:
Error   2024-07-10 20:48:47  DevID:MV-ID5200M-00C-NNN(02J87632631)  Source-Line:libMvCameraControl.so(CInterfaceManager.cpp-L3865)     Description:[MV_CC_GetIntValueEx] Property[GevMessageChannelCnt], return[0x80000100]     Solution:
Error   2024-07-10 20:48:47  DevID:MV-ID5200M-00C-NNN(02J87632631)  Source-Line:libMvCameraControl.so(XmlParse.cpp-L2811)     Description:GetNodeValue [SmartSdkEnable], [Node is not readable. : AccessException thrown in node 'SmartSdkEnable' while calling 'SmartSdkEnable.GetValue()' (file 'BooleanT.h', line 113)]     Solution:
Error   2024-07-10 20:48:47  DevID:MV-ID5200M-00C-NNN(02J87632631)  Source-Line:libMvCameraControl.so(CInterfaceManager.cpp-L4084)     Description:[MV_CC_GetBoolValue] Property[SmartSdkEnable], return[0x80000106]     Solution:
Error   2024-07-10 20:48:47  DevID:MV-ID5200M-00C-NNN(02J87632631)  Source-Line:libMvCameraControl.so(XmlParse.cpp-L2836)     Description:GetNodeValue [BillInfoEnable], Unknow Exception     Solution:
Error   2024-07-10 20:48:47  DevID:MV-ID5200M-00C-NNN(02J87632631)  Source-Line:libMvCameraControl.so(CInterfaceManager.cpp-L4084)     Description:[MV_CC_GetBoolValue] Property[BillInfoEnable], return[0x80000100]     Solution:
Error   2024-07-10 20:48:47  DevID:MV-ID5200M-00C-NNN(02J87632631)  Source-Line:libMvCameraControl.so(XmlParse.cpp-L2836)     Description:GetNodeValue [SdkTransportChannel0Enable], Unknow Exception     Solution:
Error   2024-07-10 20:48:47  DevID:MV-ID5200M-00C-NNN(02J87632631)  Source-Line:libMvCameraControl.so(CInterfaceManager.cpp-L4084)     Description:[MV_CC_GetBoolValue] Property[SdkTransportChannel0Enable], return[0x80000100]     Solution:
Info    2024-07-10 20:48:47  DevID:MV-ID5200M-00C-NNN(02J87632631)  Source-Line:libMvCameraControl.so(CInterfaceManager.cpp-L2803)     Description:[MV_CC_RegisterExceptionCallBack] return[0x0]     Solution:
Info    2024-07-10 20:48:50  DevID:MV-ID5200M-00C-NNN(02J87632631)  Source-Line:libMvCameraControl.so(CInterfaceManager.cpp-L1166)     Description:[CloseDevice] return[0x0]     Solution:
Info    2024-07-10 20:48:50  DevID:MV-ID5200M-00C-NNN(02J87632631)  Source-Line:libMvCameraControl.so(CInterfaceManager.cpp-L1881)     Description:[StopGrabbing] return[0x80000003]     Solution:
Warning 2024-07-10 20:48:50  DevID:MV-ID5200M-00C-NNN(02J87632631)  Source-Line:libMvCameraControl.so(CInterfaceManager.cpp-L1162)     Description:[CloseDevice] return[0x80000003]     Solution:
Info    2024-07-10 20:48:50  DevID:MV-ID5200M-00C-NNN(02J87632631)  Source-Line:libMvCameraControl.so(CInterfaceManager.cpp-L0830)     Description:[MV_CC_DestroyHandle] return[0x0]     Solution:
